[2008/05/10 16:23:17] [error] [/usr/home/aya/public_html/manage_ip/lib/function.php] You have an error in your SQL syntax; check the manual that corresponds to your MySQL server version for the right syntax to use near '%192.168.2%' at line 1
[2008/05/10 16:25:00] [error] [/usr/home/aya/public_html/manage_ip/lib/function.php] Unknown column 'ip' in 'where clause'
[2008/05/10 17:51:22] [error] [/usr/home/aya/public_html/manage_ip/lib/function.php] You have an error in your SQL syntax; check the manual that corresponds to your MySQL server version for the right syntax to use near 'SET ip_address (router = 'aaaa', port = '123123', panel = 'aaaa', comment = 'bbb' at line 1
[2008/05/10 17:53:29] [error] [/usr/home/aya/public_html/manage_ip/lib/function.php] You have an error in your SQL syntax; check the manual that corresponds to your MySQL server version for the right syntax to use near '(router = 'aaaa', port = '123123', panel = 'aaaa', comment = 'bbbbb', set_date =' at line 1
[2008/05/14 20:36:27] [error] [/usr/home/aya/public_html/manage_ip/lib/function.php] You have an error in your SQL syntax; check the manual that corresponds to your MySQL server version for the right syntax to use near '= '0'' at line 1
[2008/05/14 20:36:27] [error] [/usr/home/aya/public_html/manage_ip/lib/function.php] You have an error in your SQL syntax; check the manual that corresponds to your MySQL server version for the right syntax to use near '= '0'' at line 1
[2008/05/14 20:38:15] [error] [/usr/home/aya/public_html/manage_ip/lib/function.php] You have an error in your SQL syntax; check the manual that corresponds to your MySQL server version for the right syntax to use near '.1.0 AND ip_end >= 202.1.1.0 ) OR (ip_start <= 202.1.1.0   AND ip_end >= 202.1.1' at line 1
[2008/05/14 20:38:15] [error] [/usr/home/aya/public_html/manage_ip/lib/function.php] You have an error in your SQL syntax; check the manual that corresponds to your MySQL server version for the right syntax to use near '.1.0 AND ip_end >= 202.1.1.0 ) OR (ip_start <= 202.1.1.0   AND ip_end >= 202.1.1' at line 1
[2008/05/14 20:38:25] [error] [/usr/home/aya/public_html/manage_ip/lib/function.php] You have an error in your SQL syntax; check the manual that corresponds to your MySQL server version for the right syntax to use near 'AND ip_end >=  ) OR (ip_start <=    AND ip_end >=  ) OR (ip_start <=  AND ip_sta' at line 1
[2008/05/14 20:38:25] [error] [/usr/home/aya/public_html/manage_ip/lib/function.php] You have an error in your SQL syntax; check the manual that corresponds to your MySQL server version for the right syntax to use near 'AND ip_end >=  ) OR (ip_start <=    AND ip_end >=  ) OR (ip_start <=  AND ip_sta' at line 1
[2008/05/14 20:44:06] [error] [/usr/home/aya/public_html/manage_ip/lib/function.php] You have an error in your SQL syntax; check the manual that corresponds to your MySQL server version for the right syntax to use near '.1.4 AND ip_end >= 202.1.1.4 ) OR (ip_start <= 202.1.1.4   AND ip_end >= 202.1.1' at line 1
[2008/05/14 20:44:06] [error] [/usr/home/aya/public_html/manage_ip/lib/function.php] You have an error in your SQL syntax; check the manual that corresponds to your MySQL server version for the right syntax to use near '.1.4 AND ip_end >= 202.1.1.4 ) OR (ip_start <= 202.1.1.4   AND ip_end >= 202.1.1' at line 1
[2008/05/14 22:16:25] [error] [/usr/home/aya/public_html/manage_ip/lib/function.php] You have an error in your SQL syntax; check the manual that corresponds to your MySQL server version for the right syntax to use near 'AND ip_end   >=  ) OR (ip_start >= 2130772228 AND ip_start <=  ) OR (ip_end   >=' at line 1
[2008/05/14 22:16:25] [error] [/usr/home/aya/public_html/manage_ip/lib/function.php] You have an error in your SQL syntax; check the manual that corresponds to your MySQL server version for the right syntax to use near 'AND ip_end   >=  ) OR (ip_start >= 2130772228 AND ip_start <=  ) OR (ip_end   >=' at line 1
[2008/05/15 00:16:34] [error] [/usr/home/aya/public_html/manage_ip/lib/function.php] You have an error in your SQL syntax; check the manual that corresponds to your MySQL server version for the right syntax to use near '\'0\')  AND (  (address like \'%210%\') )' at line 1
[2008/05/15 00:31:33] [error] [/usr/home/aya/public_html/manage_ip/lib/function.php] You have an error in your SQL syntax; check the manual that corresponds to your MySQL server version for the right syntax to use near '\'0\')  AND (  (address like \'%210%\') )' at line 1
[2008/05/21 21:47:24] [error] [/usr/home/aya/public_html/manage_ip/lib/function.php] You have an error in your SQL syntax; check the manual that corresponds to your MySQL server version for the right syntax to use near '\'0\')  AND (  (address like \'%192.168.1.0%\') OR (ip_start <= 3232235776 AND i' at line 1
[2008/05/21 22:05:56] [error] [/usr/home/aya/public_html/manage_ip/lib/function.php] You have an error in your SQL syntax; check the manual that corresponds to your MySQL server version for the right syntax to use near '\'0\')  AND (  (address like \'%192.168.1.0%\') OR (ip_start <= 3232235776 AND i' at line 1
[2008/05/21 22:43:58] [error] [/usr/home/aya/public_html/manage_ip/lib/function.php] You have an error in your SQL syntax; check the manual that corresponds to your MySQL server version for the right syntax to use near '\'0\')  AND (  (address like \'%192.168.1.0%\') OR (ip_start <= 3232235776 AND i' at line 1
[2008/05/21 22:44:05] [error] [/usr/home/aya/public_html/manage_ip/lib/function.php] You have an error in your SQL syntax; check the manual that corresponds to your MySQL server version for the right syntax to use near '\'0\')' at line 1
[2008/05/21 22:44:57] [error] [/usr/home/aya/public_html/manage_ip/lib/function.php] You have an error in your SQL syntax; check the manual that corresponds to your MySQL server version for the right syntax to use near '\'0\')' at line 1
[2008/05/21 22:46:39] [error] [/usr/home/aya/public_html/manage_ip/lib/function.php] You have an error in your SQL syntax; check the manual that corresponds to your MySQL server version for the right syntax to use near '\'0\')' at line 1
[2008/05/21 22:48:47] [error] [/usr/home/aya/public_html/manage_ip/lib/function.php] You have an error in your SQL syntax; check the manual that corresponds to your MySQL server version for the right syntax to use near '\'0\')' at line 1
[2008/05/21 22:51:05] [error] [/usr/home/aya/public_html/manage_ip/lib/function.php] You have an error in your SQL syntax; check the manual that corresponds to your MySQL server version for the right syntax to use near '\'0\')' at line 1
[2008/05/21 23:10:44] [error] [/usr/home/aya/public_html/manage_ip/lib/function.php] You have an error in your SQL syntax; check the manual that corresponds to your MySQL server version for the right syntax to use near '%') )' at line 1
[2008/05/21 23:10:44] [error] [/usr/home/aya/public_html/manage_ip/lib/function.php] You have an error in your SQL syntax; check the manual that corresponds to your MySQL server version for the right syntax to use near '%') ) LIMIT 0,10' at line 1
[2008/05/21 23:11:46] [error] [/usr/home/aya/public_html/manage_ip/lib/function.php] You have an error in your SQL syntax; check the manual that corresponds to your MySQL server version for the right syntax to use near ''%192.168' at line 1
[2008/05/25 00:50:28] [error] [/usr/home/aya/public_html/manage_ip/lib/function.php] Unknown column 'company' in 'where clause'
[2008/05/25 00:50:28] [error] [/usr/home/aya/public_html/manage_ip/lib/function.php] Unknown column 'company' in 'where clause'
[2008/05/25 20:19:40] [error] [/usr/home/aya/public_html/manage_ip/lib/function.php] Unknown column 'name' in 'field list'
[2008/05/25 20:45:31] [error] [/usr/home/aya/public_html/manage_ip/lib/function.php] You have an error in your SQL syntax; check the manual that corresponds to your MySQL server version for the right syntax to use near '= 1' at line 1
[2008/05/25 21:12:23] [error] [/usr/home/aya/public_html/manage_ip/lib/function.php] Unknown column 'kana' in 'where clause'
[2008/05/25 21:12:23] [error] [/usr/home/aya/public_html/manage_ip/lib/function.php] Unknown column 'kana' in 'where clause'
[2008/05/25 21:12:27] [error] [/usr/home/aya/public_html/manage_ip/lib/function.php] Unknown column 'kana' in 'where clause'
[2008/05/25 21:12:27] [error] [/usr/home/aya/public_html/manage_ip/lib/function.php] Unknown column 'kana' in 'where clause'
[2008/05/25 21:12:30] [error] [/usr/home/aya/public_html/manage_ip/lib/function.php] Unknown column 'kana' in 'where clause'
[2008/05/25 21:12:30] [error] [/usr/home/aya/public_html/manage_ip/lib/function.php] Unknown column 'kana' in 'where clause'
[2008/05/25 21:26:22] [error] [/usr/home/aya/public_html/manage_ip/lib/function.php] Column 'id' in field list is ambiguous
[2008/05/25 21:26:22] [error] [/usr/home/aya/public_html/manage_ip/lib/function.php] You have an error in your SQL syntax; check the manual that corresponds to your MySQL server version for the right syntax to use near '.name as company_name FROM rack,company WHERE (rack.del_flag = '0')  AND (rack.c' at line 1
[2008/05/25 21:27:53] [error] [/usr/home/aya/public_html/manage_ip/lib/function.php] You have an error in your SQL syntax; check the manual that corresponds to your MySQL server version for the right syntax to use near '.name as company_name FROM rack,company WHERE (rack.del_flag = '0')  AND (rack.c' at line 1
[2008/05/26 23:01:19] [error] [/usr/home/aya/public_html/manage_ip/lib/function.php] Unknown column 'service' in 'field list'
[2008/05/26 23:02:34] [error] [/usr/home/aya/public_html/manage_ip/lib/function.php] Unknown column 'service' in 'field list'
[2008/05/28 22:26:21] [error] [/usr/home/aya/public_html/manage_ip/lib/function.php] Unknown column 'service' in 'field list'
[2008/05/28 22:36:24] [error] [/usr/home/aya/public_html/manage_ip/lib/function.php] You have an error in your SQL syntax; check the manual that corresponds to your MySQL server version for the right syntax to use near 'ORDER BY ip_address ASC' at line 1
[2008/05/28 22:36:59] [error] [/usr/home/aya/public_html/manage_ip/lib/function.php] You have an error in your SQL syntax; check the manual that corresponds to your MySQL server version for the right syntax to use near 'ORDER BY address ASC' at line 1
[2008/06/02 23:12:48] [error] [/usr/home/aya/public_html/manage_ip/lib/function.php] Column 'id' in field list is ambiguous
[2008/06/02 23:12:48] [error] [/usr/home/aya/public_html/manage_ip/lib/function.php] Column 'del_flag' in where clause is ambiguous
[2008/06/02 23:12:57] [error] [/usr/home/aya/public_html/manage_ip/lib/function.php] Column 'id' in field list is ambiguous
[2008/06/02 23:12:57] [error] [/usr/home/aya/public_html/manage_ip/lib/function.php] Column 'del_flag' in where clause is ambiguous
[2008/06/02 23:13:01] [error] [/usr/home/aya/public_html/manage_ip/lib/function.php] Column 'id' in field list is ambiguous
[2008/06/02 23:13:01] [error] [/usr/home/aya/public_html/manage_ip/lib/function.php] Column 'del_flag' in where clause is ambiguous
[2008/06/02 23:13:18] [error] [/usr/home/aya/public_html/manage_ip/lib/function.php] Column 'id' in field list is ambiguous
[2008/06/02 23:13:18] [error] [/usr/home/aya/public_html/manage_ip/lib/function.php] Column 'del_flag' in where clause is ambiguous
[2008/06/02 23:13:22] [error] [/usr/home/aya/public_html/manage_ip/lib/function.php] Column 'id' in field list is ambiguous
[2008/06/02 23:13:22] [error] [/usr/home/aya/public_html/manage_ip/lib/function.php] Column 'del_flag' in where clause is ambiguous
[2008/06/02 23:13:24] [error] [/usr/home/aya/public_html/manage_ip/lib/function.php] Column 'id' in field list is ambiguous
[2008/06/02 23:13:24] [error] [/usr/home/aya/public_html/manage_ip/lib/function.php] Column 'del_flag' in where clause is ambiguous
[2008/06/02 23:13:29] [error] [/usr/home/aya/public_html/manage_ip/lib/function.php] Column 'id' in field list is ambiguous
[2008/06/02 23:13:29] [error] [/usr/home/aya/public_html/manage_ip/lib/function.php] Column 'del_flag' in where clause is ambiguous
[2008/06/02 23:13:33] [error] [/usr/home/aya/public_html/manage_ip/lib/function.php] Column 'id' in field list is ambiguous
[2008/06/02 23:13:33] [error] [/usr/home/aya/public_html/manage_ip/lib/function.php] Column 'del_flag' in where clause is ambiguous
[2008/06/02 23:13:36] [error] [/usr/home/aya/public_html/manage_ip/lib/function.php] Column 'id' in field list is ambiguous
[2008/06/02 23:13:36] [error] [/usr/home/aya/public_html/manage_ip/lib/function.php] Column 'del_flag' in where clause is ambiguous
[2008/06/02 23:13:39] [error] [/usr/home/aya/public_html/manage_ip/lib/function.php] Column 'id' in field list is ambiguous
[2008/06/02 23:13:39] [error] [/usr/home/aya/public_html/manage_ip/lib/function.php] Column 'del_flag' in where clause is ambiguous
[2008/06/02 23:21:40] [error] [/usr/home/aya/public_html/manage_ip/lib/function.php] Column 'id' in field list is ambiguous
[2008/06/02 23:21:40] [error] [/usr/home/aya/public_html/manage_ip/lib/function.php] Column 'del_flag' in where clause is ambiguous
[2008/06/02 23:27:47] [error] [/usr/home/aya/public_html/manage_ip/lib/function.php] Column 'id' in field list is ambiguous
[2008/06/02 23:27:47] [error] [/usr/home/aya/public_html/manage_ip/lib/function.php] Column 'del_flag' in where clause is ambiguous
[2008/06/02 23:34:39] [error] [/usr/home/aya/public_html/manage_ip/lib/function.php] Column 'id' in field list is ambiguous
[2008/06/02 23:34:39] [error] [/usr/home/aya/public_html/manage_ip/lib/function.php] Column 'del_flag' in where clause is ambiguous
[2008/06/02 23:39:47] [error] [/usr/home/aya/public_html/manage_ip/lib/function.php] Column 'id' in field list is ambiguous
[2008/06/02 23:39:47] [error] [/usr/home/aya/public_html/manage_ip/lib/function.php] Column 'del_flag' in where clause is ambiguous
[2008/06/02 23:43:16] [error] [/usr/home/aya/public_html/manage_ip/lib/function.php] Column 'del_flag' in where clause is ambiguous
[2008/06/02 23:43:16] [error] [/usr/home/aya/public_html/manage_ip/lib/function.php] Column 'del_flag' in where clause is ambiguous
[2008/06/05 00:06:02] [error] [/usr/home/aya/public_html/manage_ip/lib/function.php] Unknown column 'router_id' in 'where clause'
[2008/06/05 21:21:29] [error] [/usr/home/aya/public_html/manage_ip/lib/function.php] Unknown column 'router_id' in 'where clause'
[2008/06/05 21:32:05] [error] [/usr/home/aya/public_html/manage_ip/lib/function.php] Unknown column 'router_id' in 'where clause'
[2008/06/05 21:32:37] [error] [/usr/home/aya/public_html/manage_ip/lib/function.php] Unknown column 'router_id' in 'where clause'
[2008/06/05 21:35:04] [error] [/usr/home/aya/public_html/manage_ip/lib/function.php] Unknown column 'router_id' in 'where clause'
[2008/06/05 21:36:46] [error] [/usr/home/aya/public_html/manage_ip/lib/function.php] Unknown column 'router_id' in 'where clause'
[2008/06/05 21:41:20] [error] [/usr/home/aya/public_html/manage_ip/lib/function.php] Unknown column 'router_id' in 'where clause'
[2008/06/05 21:46:32] [error] [/usr/home/aya/public_html/manage_ip/lib/function.php] Unknown column 'router_id' in 'where clause'
[2008/06/05 21:46:47] [error] [/usr/home/aya/public_html/manage_ip/lib/function.php] Unknown column 'router_id' in 'where clause'
[2008/06/05 21:50:47] [error] [/usr/home/aya/public_html/manage_ip/lib/function.php] Unknown column 'router_id' in 'where clause'
[2008/06/05 22:11:27] [error] [/usr/home/aya/public_html/manage_ip/lib/function.php] Unknown column 'router_id' in 'where clause'
[2008/06/05 22:12:24] [error] [/usr/home/aya/public_html/manage_ip/lib/function.php] Unknown column 'router_id' in 'where clause'
[2008/06/05 22:12:39] [error] [/usr/home/aya/public_html/manage_ip/lib/function.php] Unknown column 'router_id' in 'where clause'
[2008/06/05 22:12:49] [error] [/usr/home/aya/public_html/manage_ip/lib/function.php] Unknown column 'router_id' in 'where clause'
[2008/06/05 22:13:13] [error] [/usr/home/aya/public_html/manage_ip/lib/function.php] Unknown column 'ip_address.company_id' in 'on clause'
[2008/06/05 22:13:13] [error] [/usr/home/aya/public_html/manage_ip/lib/function.php] Unknown column 'ip_address.company_id' in 'on clause'
[2008/06/05 22:13:23] [error] [/usr/home/aya/public_html/manage_ip/lib/function.php] Unknown column 'ip_address.company_id' in 'on clause'
[2008/06/05 22:13:23] [error] [/usr/home/aya/public_html/manage_ip/lib/function.php] Unknown column 'ip_address.company_id' in 'on clause'
[2008/06/05 22:13:56] [error] [/usr/home/aya/public_html/manage_ip/lib/function.php] Unknown column 'ip_address.company_id' in 'on clause'
[2008/06/05 22:13:56] [error] [/usr/home/aya/public_html/manage_ip/lib/function.php] Unknown column 'ip_address.company_id' in 'on clause'
[2008/06/05 22:13:59] [error] [/usr/home/aya/public_html/manage_ip/lib/function.php] Unknown column 'ip_address.company_id' in 'on clause'
[2008/06/05 22:13:59] [error] [/usr/home/aya/public_html/manage_ip/lib/function.php] Unknown column 'ip_address.company_id' in 'on clause'
[2008/06/05 22:14:06] [error] [/usr/home/aya/public_html/manage_ip/lib/function.php] Unknown column 'ip_address.company_id' in 'on clause'
[2008/06/05 22:14:06] [error] [/usr/home/aya/public_html/manage_ip/lib/function.php] Unknown column 'ip_address.company_id' in 'on clause'
[2008/06/05 22:14:57] [error] [/usr/home/aya/public_html/manage_ip/lib/function.php] Unknown column 'router_id' in 'where clause'
[2008/06/05 22:15:08] [error] [/usr/home/aya/public_html/manage_ip/lib/function.php] Unknown column 'router_id' in 'where clause'
[2008/06/05 22:15:08] [error] [/usr/home/aya/public_html/manage_ip/lib/function.php] Unknown column 'router_id' in 'where clause'
[2008/06/05 22:15:14] [error] [/usr/home/aya/public_html/manage_ip/lib/function.php] Unknown column 'router_id' in 'where clause'
[2008/06/05 22:15:14] [error] [/usr/home/aya/public_html/manage_ip/lib/function.php] Unknown column 'router_id' in 'where clause'
[2008/06/05 22:15:48] [error] [/usr/home/aya/public_html/manage_ip/lib/function.php] Unknown column 'ip_address.company_id' in 'on clause'
[2008/06/05 22:15:48] [error] [/usr/home/aya/public_html/manage_ip/lib/function.php] Unknown column 'ip_address.company_id' in 'on clause'
[2008/06/05 22:16:02] [error] [/usr/home/aya/public_html/manage_ip/lib/function.php] Unknown column 'router_id' in 'where clause'
[2008/06/05 22:16:02] [error] [/usr/home/aya/public_html/manage_ip/lib/function.php] Unknown column 'router_id' in 'where clause'
[2008/06/05 22:23:21] [error] [/usr/home/aya/public_html/manage_ip/lib/function.php] Unknown column 'router_id' in 'where clause'
[2008/06/05 22:23:21] [error] [/usr/home/aya/public_html/manage_ip/lib/function.php] Unknown column 'router_id' in 'where clause'
[2008/06/05 22:23:28] [error] [/usr/home/aya/public_html/manage_ip/lib/function.php] Unknown column 'router_id' in 'where clause'
[2008/06/05 22:23:28] [error] [/usr/home/aya/public_html/manage_ip/lib/function.php] Unknown column 'router_id' in 'where clause'
[2008/06/05 22:24:18] [error] [/usr/home/aya/public_html/manage_ip/lib/function.php] Unknown column 'router_id' in 'where clause'
[2008/06/05 22:24:18] [error] [/usr/home/aya/public_html/manage_ip/lib/function.php] Unknown column 'router_id' in 'where clause'
[2008/06/05 22:24:29] [error] [/usr/home/aya/public_html/manage_ip/lib/function.php] Unknown column 'router_id' in 'where clause'
[2008/06/05 22:24:29] [error] [/usr/home/aya/public_html/manage_ip/lib/function.php] Unknown column 'router_id' in 'where clause'
[2008/06/05 22:25:33] [error] [/usr/home/aya/public_html/manage_ip/lib/function.php] Unknown column 'router_id' in 'where clause'
[2008/06/05 22:25:33] [error] [/usr/home/aya/public_html/manage_ip/lib/function.php] Unknown column 'router_id' in 'where clause'
[2008/06/05 22:25:36] [error] [/usr/home/aya/public_html/manage_ip/lib/function.php] Unknown column 'ip_end' in 'where clause'
[2008/06/05 22:25:36] [error] [/usr/home/aya/public_html/manage_ip/lib/function.php] Unknown column 'router_id' in 'where clause'
[2008/06/05 22:25:36] [error] [/usr/home/aya/public_html/manage_ip/lib/function.php] Unknown column 'router_id' in 'where clause'
[2008/06/05 22:25:40] [error] [/usr/home/aya/public_html/manage_ip/lib/function.php] Unknown column 'ip_end' in 'where clause'
[2008/06/05 22:25:40] [error] [/usr/home/aya/public_html/manage_ip/lib/function.php] Unknown column 'router_id' in 'where clause'
[2008/06/05 22:25:40] [error] [/usr/home/aya/public_html/manage_ip/lib/function.php] Unknown column 'router_id' in 'where clause'
[2008/06/05 22:26:30] [error] [/usr/home/aya/public_html/manage_ip/lib/function.php] Unknown column 'ip_end' in 'where clause'
[2008/06/05 22:26:30] [error] [/usr/home/aya/public_html/manage_ip/lib/function.php] Unknown column 'router_id' in 'where clause'
[2008/06/05 22:26:30] [error] [/usr/home/aya/public_html/manage_ip/lib/function.php] Unknown column 'router_id' in 'where clause'
[2008/06/05 22:26:34] [error] [/usr/home/aya/public_html/manage_ip/lib/function.php] Unknown column 'ip_end' in 'where clause'
[2008/06/05 22:26:34] [error] [/usr/home/aya/public_html/manage_ip/lib/function.php] Unknown column 'router_id' in 'where clause'
[2008/06/05 22:26:34] [error] [/usr/home/aya/public_html/manage_ip/lib/function.php] Unknown column 'router_id' in 'where clause'
[2008/06/05 22:28:29] [error] [/usr/home/aya/public_html/manage_ip/lib/function.php] Unknown column 'ip_end' in 'where clause'
[2008/06/05 22:28:29] [error] [/usr/home/aya/public_html/manage_ip/lib/function.php] Unknown column 'router_id' in 'where clause'
[2008/06/05 22:28:29] [error] [/usr/home/aya/public_html/manage_ip/lib/function.php] Unknown column 'router_id' in 'where clause'
[2008/06/05 22:28:33] [error] [/usr/home/aya/public_html/manage_ip/lib/function.php] Unknown column 'ip_end' in 'where clause'
[2008/06/05 22:28:33] [error] [/usr/home/aya/public_html/manage_ip/lib/function.php] Unknown column 'router_id' in 'where clause'
[2008/06/05 22:28:33] [error] [/usr/home/aya/public_html/manage_ip/lib/function.php] Unknown column 'router_id' in 'where clause'
[2008/06/05 22:29:02] [error] [/usr/home/aya/public_html/manage_ip/lib/function.php] Unknown column 'ip_end' in 'where clause'
[2008/06/05 22:29:02] [error] [/usr/home/aya/public_html/manage_ip/lib/function.php] Unknown column 'router_id' in 'where clause'
[2008/06/05 22:29:02] [error] [/usr/home/aya/public_html/manage_ip/lib/function.php] Unknown column 'router_id' in 'where clause'
[2008/06/05 22:29:30] [error] [/usr/home/aya/public_html/manage_ip/lib/function.php] Unknown column 'ip_end' in 'where clause'
[2008/06/05 22:29:30] [error] [/usr/home/aya/public_html/manage_ip/lib/function.php] Unknown column 'router_id' in 'where clause'
[2008/06/05 22:29:30] [error] [/usr/home/aya/public_html/manage_ip/lib/function.php] Unknown column 'router_id' in 'where clause'
[2008/06/05 22:31:38] [error] [/usr/home/aya/public_html/manage_ip/lib/function.php] Unknown column 'ip_end' in 'where clause'
[2008/06/05 22:31:38] [error] [/usr/home/aya/public_html/manage_ip/lib/function.php] Unknown column 'router_id' in 'where clause'
[2008/06/05 22:31:38] [error] [/usr/home/aya/public_html/manage_ip/lib/function.php] Unknown column 'router_id' in 'where clause'
[2008/06/05 22:36:50] [error] [/usr/home/aya/public_html/manage_ip/lib/function.php] Unknown column 'router_id' in 'field list'
[2008/06/05 22:36:50] [error] [/usr/home/aya/public_html/manage_ip/lib/function.php] Unknown column 'router_id' in 'where clause'
[2008/06/05 22:36:50] [error] [/usr/home/aya/public_html/manage_ip/lib/function.php] Unknown column 'router_id' in 'where clause'
[2008/06/05 22:37:42] [error] [/usr/home/aya/public_html/manage_ip/lib/function.php] Unknown column 'router_id' in 'where clause'
[2008/06/05 22:37:42] [error] [/usr/home/aya/public_html/manage_ip/lib/function.php] Unknown column 'router_id' in 'where clause'
[2008/06/05 23:02:38] [error] [/usr/home/aya/public_html/manage_ip/lib/function.php] Unknown column 'ip_address.company_id' in 'on clause'
[2008/06/05 23:02:38] [error] [/usr/home/aya/public_html/manage_ip/lib/function.php] Unknown column 'ip_address.company_id' in 'on clause'
[2008/06/05 23:23:15] [error] [/usr/home/aya/public_html/manage_ip/lib/function.php] Unknown column 'ip_address.company_id' in 'on clause'
[2008/06/05 23:23:15] [error] [/usr/home/aya/public_html/manage_ip/lib/function.php] Unknown column 'ip_address.company_id' in 'on clause'
[2008/06/05 23:24:33] [error] [/usr/home/aya/public_html/manage_ip/lib/function.php] Unknown column 'company.name' in 'field list'
[2008/06/05 23:24:37] [error] [/usr/home/aya/public_html/manage_ip/lib/function.php] Unknown column 'company.name' in 'field list'
[2008/06/05 23:24:39] [error] [/usr/home/aya/public_html/manage_ip/lib/function.php] Unknown column 'company.name' in 'field list'
[2008/06/05 23:25:57] [error] [/usr/home/aya/public_html/manage_ip/lib/function.php] Unknown column 'company.name' in 'field list'
[2008/06/06 21:26:24] [error] [/usr/home/aya/public_html/manage_ip/lib/function.php] Unknown column 'company.name' in 'field list'
[2008/06/09 21:17:36] [error] [/usr/home/aya/public_html/manage_ip/lib/function.php] Unknown column 'company.name' in 'field list'
[2008/06/09 21:30:38] [error] [/usr/home/aya/public_html/manage_ip/lib/function.php] Unknown column 'router.idLEFT' in 'on clause'
[2008/06/09 21:30:38] [error] [/usr/home/aya/public_html/manage_ip/lib/function.php] Unknown column 'router.idLEFT' in 'on clause'
[2008/06/09 21:31:07] [error] [/usr/home/aya/public_html/manage_ip/lib/function.php] Unknown column 'company.company_id' in 'on clause'
[2008/06/09 21:31:07] [error] [/usr/home/aya/public_html/manage_ip/lib/function.php] Unknown column 'company.company_id' in 'on clause'
[2008/06/09 23:13:50] [error] [/usr/home/aya/public_html/manage_ip/lib/function.php] Unknown column 'service' in 'field list'
[2008/06/09 23:14:11] [error] [/usr/home/aya/public_html/manage_ip/lib/function.php] Unknown column 'service' in 'field list'
[2008/06/09 23:43:27] [error] [/usr/home/aya/public_html/manage_ip/lib/function.php] Unknown column 'router_id' in 'field list'
[2008/06/10 00:07:40] [error] [/usr/home/aya/public_html/manage_ip/lib/function.php] Unknown column 'service' in 'field list'
[2008/06/11 23:51:51] [error] [/usr/home/aya/public_html/manage_ip/lib/function.php] No database selected
[2008/06/11 23:51:51] [error] [/usr/home/aya/public_html/manage_ip/lib/function.php] No database selected
[2008/06/12 11:38:07] [error] [/usr/home/aya/public_html/manage_ip/lib/function.php] Unknown column 'service' in 'field list'
[2008/06/12 11:38:21] [error] [/usr/home/aya/public_html/manage_ip/lib/function.php] Unknown column 'service' in 'field list'
[2008/06/13 18:52:26] [error] [/usr/home/aya/public_html/manage_ip/lib/function.php] Unknown column 'router.name' in 'where clause'
[2008/06/13 18:52:26] [error] [/usr/home/aya/public_html/manage_ip/lib/function.php] Unknown column 'router.name' in 'where clause'
[2008/06/13 19:06:00] [error] [/usr/home/aya/public_html/manage_ip/lib/function.php] Unknown column 'router.name' in 'where clause'
[2008/06/13 19:06:00] [error] [/usr/home/aya/public_html/manage_ip/lib/function.php] Unknown column 'router.name' in 'where clause'
[2008/06/13 19:06:08] [error] [/usr/home/aya/public_html/manage_ip/lib/function.php] Unknown column 'router.name' in 'where clause'
[2008/06/13 19:06:08] [error] [/usr/home/aya/public_html/manage_ip/lib/function.php] Unknown column 'router.name' in 'where clause'
[2008/06/13 19:06:09] [error] [/usr/home/aya/public_html/manage_ip/lib/function.php] Unknown column 'router.name' in 'where clause'
[2008/06/13 19:06:09] [error] [/usr/home/aya/public_html/manage_ip/lib/function.php] Unknown column 'router.name' in 'where clause'
[2008/06/13 19:06:11] [error] [/usr/home/aya/public_html/manage_ip/lib/function.php] Unknown column 'router.name' in 'where clause'
[2008/06/13 19:06:11] [error] [/usr/home/aya/public_html/manage_ip/lib/function.php] Unknown column 'router.name' in 'where clause'
[2008/06/14 13:16:57] [error] [/usr/home/aya/public_html/manage_ip/lib/function.php] Unknown column 'service' in 'field list'
[2008/06/14 13:24:42] [error] [/usr/home/aya/public_html/manage_ip/lib/function.php] Unknown column 'service' in 'field list'
[2008/06/14 13:24:59] [error] [/usr/home/aya/public_html/manage_ip/lib/function.php] Unknown column 'service' in 'field list'
[2008/06/14 13:31:24] [error] [/usr/home/aya/public_html/manage_ip/lib/function.php] Unknown column 'service' in 'field list'
[2008/06/14 15:56:43] [error] [/usr/home/aya/public_html/manage_ip/lib/function.php] Unknown column 'router.name' in 'where clause'
[2008/06/14 15:56:43] [error] [/usr/home/aya/public_html/manage_ip/lib/function.php] Unknown column 'router.name' in 'where clause'
[2008/06/14 15:56:53] [error] [/usr/home/aya/public_html/manage_ip/lib/function.php] Unknown column 'router.name' in 'where clause'
[2008/06/14 15:56:53] [error] [/usr/home/aya/public_html/manage_ip/lib/function.php] Unknown column 'router.name' in 'where clause'
[2008/06/14 15:56:58] [error] [/usr/home/aya/public_html/manage_ip/lib/function.php] Unknown column 'router.name' in 'where clause'
[2008/06/14 15:56:58] [error] [/usr/home/aya/public_html/manage_ip/lib/function.php] Unknown column 'router.name' in 'where clause'
[2008/06/14 15:57:02] [error] [/usr/home/aya/public_html/manage_ip/lib/function.php] Unknown column 'router.name' in 'where clause'
[2008/06/14 15:57:02] [error] [/usr/home/aya/public_html/manage_ip/lib/function.php] Unknown column 'router.name' in 'where clause'
[2008/06/14 15:57:10] [error] [/usr/home/aya/public_html/manage_ip/lib/function.php] Unknown column 'router.name' in 'where clause'
[2008/06/14 15:57:10] [error] [/usr/home/aya/public_html/manage_ip/lib/function.php] Unknown column 'router.name' in 'where clause'
[2008/06/14 15:57:11] [error] [/usr/home/aya/public_html/manage_ip/lib/function.php] Unknown column 'router.name' in 'where clause'
[2008/06/14 15:57:11] [error] [/usr/home/aya/public_html/manage_ip/lib/function.php] Unknown column 'router.name' in 'where clause'
[2008/06/14 15:57:13] [error] [/usr/home/aya/public_html/manage_ip/lib/function.php] Unknown column 'router.name' in 'where clause'
[2008/06/14 15:57:13] [error] [/usr/home/aya/public_html/manage_ip/lib/function.php] Unknown column 'router.name' in 'where clause'
[2008/06/14 15:57:14] [error] [/usr/home/aya/public_html/manage_ip/lib/function.php] Unknown column 'router.name' in 'where clause'
[2008/06/14 15:57:14] [error] [/usr/home/aya/public_html/manage_ip/lib/function.php] Unknown column 'router.name' in 'where clause'
[2008/06/14 15:57:16] [error] [/usr/home/aya/public_html/manage_ip/lib/function.php] Unknown column 'router.name' in 'where clause'
[2008/06/14 15:57:16] [error] [/usr/home/aya/public_html/manage_ip/lib/function.php] Unknown column 'router.name' in 'where clause'
[2008/06/14 15:57:17] [error] [/usr/home/aya/public_html/manage_ip/lib/function.php] Unknown column 'router.name' in 'where clause'
[2008/06/14 15:57:17] [error] [/usr/home/aya/public_html/manage_ip/lib/function.php] Unknown column 'router.name' in 'where clause'
[2008/06/14 15:57:19] [error] [/usr/home/aya/public_html/manage_ip/lib/function.php] Unknown column 'router.name' in 'where clause'
[2008/06/14 15:57:19] [error] [/usr/home/aya/public_html/manage_ip/lib/function.php] Unknown column 'router.name' in 'where clause'
[2008/06/14 15:57:27] [error] [/usr/home/aya/public_html/manage_ip/lib/function.php] Unknown column 'router.name' in 'where clause'
[2008/06/14 15:57:27] [error] [/usr/home/aya/public_html/manage_ip/lib/function.php] Unknown column 'router.name' in 'where clause'
[2008/06/14 15:59:05] [error] [/usr/home/aya/public_html/manage_ip/lib/function.php] Unknown column 'router.name' in 'where clause'
[2008/06/14 15:59:05] [error] [/usr/home/aya/public_html/manage_ip/lib/function.php] Unknown column 'router.name' in 'where clause'
[2008/06/14 22:39:52] [error] [/usr/home/aya/public_html/manage_ip/lib/function.php] Unknown column 'mail_id' in 'where clause'
[2008/06/14 22:41:31] [error] [/usr/home/aya/public_html/manage_ip/lib/function.php] Unknown column 'mail_id' in 'where clause'
[2008/06/14 22:42:27] [error] [/usr/home/aya/public_html/manage_ip/lib/function.php] Unknown column 'mail_id' in 'where clause'
[2008/06/14 22:44:40] [error] [/usr/home/aya/public_html/manage_ip/lib/function.php] Unknown column 'mail_id' in 'where clause'
[2008/06/14 22:44:43] [error] [/usr/home/aya/public_html/manage_ip/lib/function.php] Unknown column 'mail_id' in 'where clause'
[2008/06/14 22:46:14] [error] [/usr/home/aya/public_html/manage_ip/lib/function.php] Unknown column 'mail_id' in 'where clause'
[2008/06/18 23:06:16] [error] [/usr/home/aya/public_html/manage_ip/lib/function.php] Column 'del_flag' in where clause is ambiguous
[2008/06/18 23:07:41] [error] [/usr/home/aya/public_html/manage_ip/lib/function.php] Column 'del_flag' in where clause is ambiguous
[2008/06/22 01:12:35] [error] [/usr/home/aya/public_html/manage_ip/lib/function.php] You have an error in your SQL syntax; check the manual that corresponds to your MySQL server version for the right syntax to use near 'AND rack.company_id = mail.company_id' at line 1
[2008/06/22 01:12:48] [error] [/usr/home/aya/public_html/manage_ip/lib/function.php] You have an error in your SQL syntax; check the manual that corresponds to your MySQL server version for the right syntax to use near 'AND rack.company_id = mail.company_id' at line 1
[2008/06/22 01:13:11] [error] [/usr/home/aya/public_html/manage_ip/lib/function.php] You have an error in your SQL syntax; check the manual that corresponds to your MySQL server version for the right syntax to use near 'AND rack.company_id = mail.company_id' at line 1
[2008/06/22 01:13:56] [error] [/usr/home/aya/public_html/manage_ip/lib/function.php] You have an error in your SQL syntax; check the manual that corresponds to your MySQL server version for the right syntax to use near 'AND rack.company_id = mail.company_id' at line 1
[2008/06/22 01:14:44] [error] [/usr/home/aya/public_html/manage_ip/lib/function.php] You have an error in your SQL syntax; check the manual that corresponds to your MySQL server version for the right syntax to use near 'AND rack.company_id = mail.company_id' at line 1
[2008/06/25 22:09:14] [error] [/usr/home/aya/public_html/manage_ip/lib/function.php] Unknown column 'mail.company_idmail.type' in 'where clause'
[2008/06/25 22:09:14] [error] [/usr/home/aya/public_html/manage_ip/lib/function.php] Unknown column 'mail.company_idmail.type' in 'where clause'
[2008/06/25 22:09:47] [error] [/usr/home/aya/public_html/manage_ip/lib/function.php] Unknown column 'mail.company_idmail.type' in 'where clause'
[2008/06/25 22:09:51] [error] [/usr/home/aya/public_html/manage_ip/lib/function.php] Unknown column 'mail.company_idmail.type' in 'where clause'
[2008/06/25 22:09:51] [error] [/usr/home/aya/public_html/manage_ip/lib/function.php] Unknown column 'mail.company_idmail.type' in 'where clause'
[2008/06/25 22:09:55] [error] [/usr/home/aya/public_html/manage_ip/lib/function.php] Unknown column 'mail.company_idmail.type' in 'where clause'
[2008/06/25 22:09:55] [error] [/usr/home/aya/public_html/manage_ip/lib/function.php] Unknown column 'mail.company_idmail.type' in 'where clause'
[2008/06/25 22:10:11] [error] [/usr/home/aya/public_html/manage_ip/lib/function.php] Unknown column 'mail.company_idmail.type' in 'where clause'
[2008/06/25 22:10:11] [error] [/usr/home/aya/public_html/manage_ip/lib/function.php] Unknown column 'mail.company_idmail.type' in 'where clause'
[2008/06/25 22:11:05] [error] [/usr/home/aya/public_html/manage_ip/lib/function.php] You have an error in your SQL syntax; check the manual that corresponds to your MySQL server version for the right syntax to use near 'mail.type = 0' at line 1
[2008/06/25 22:11:05] [error] [/usr/home/aya/public_html/manage_ip/lib/function.php] You have an error in your SQL syntax; check the manual that corresponds to your MySQL server version for the right syntax to use near 'mail.type = 0' at line 1
[2008/06/25 22:11:09] [error] [/usr/home/aya/public_html/manage_ip/lib/function.php] You have an error in your SQL syntax; check the manual that corresponds to your MySQL server version for the right syntax to use near 'mail.type = 1' at line 1
[2008/06/25 22:11:10] [error] [/usr/home/aya/public_html/manage_ip/lib/function.php] You have an error in your SQL syntax; check the manual that corresponds to your MySQL server version for the right syntax to use near 'mail.type = 1' at line 1
[2008/06/25 22:11:33] [error] [/usr/home/aya/public_html/manage_ip/lib/function.php] You have an error in your SQL syntax; check the manual that corresponds to your MySQL server version for the right syntax to use near 'mail.type = 0' at line 1
[2008/06/25 22:52:46] [error] [/usr/home/aya/public_html/manage_ip/lib/function.php] Table 'manage_ip.phone' doesn't exist
[2008/06/25 22:52:46] [error] [/usr/home/aya/public_html/manage_ip/lib/function.php] Table 'manage_ip.phone' doesn't exist
[2008/06/25 22:52:59] [error] [/usr/home/aya/public_html/manage_ip/lib/function.php] Table 'manage_ip.phone' doesn't exist
[2008/06/25 22:52:59] [error] [/usr/home/aya/public_html/manage_ip/lib/function.php] Table 'manage_ip.phone' doesn't exist
[2008/06/25 22:52:59] [error] [/usr/home/aya/public_html/manage_ip/lib/function.php] Table 'manage_ip.phone' doesn't exist
[2008/06/26 00:06:55] [error] [/usr/home/aya/public_html/manage_ip/lib/function.php] Unknown column 'ip_address' in 'where clause'
[2008/06/26 00:07:10] [error] [/usr/home/aya/public_html/manage_ip/lib/function.php] Unknown column 'ip_address' in 'where clause'
[2008/06/26 00:07:55] [error] [/usr/home/aya/public_html/manage_ip/lib/function.php] Unknown column 'ip_address' in 'where clause'
[2008/06/26 00:08:37] [error] [/usr/home/aya/public_html/manage_ip/lib/function.php] Unknown column 'ip_address' in 'where clause'
[2008/06/26 00:09:00] [error] [/usr/home/aya/public_html/manage_ip/lib/function.php] Unknown column 'ip_address' in 'where clause'
[2008/07/03 22:39:34] [error] [/usr/home/aya/public_html/manage_ip/lib/function.php] Unknown column 'ip_address.ip_loc' in 'where clause'
[2008/07/03 22:39:34] [error] [/usr/home/aya/public_html/manage_ip/lib/function.php] Unknown column 'ip_address.ip_loc' in 'where clause'
[2008/07/03 22:39:42] [error] [/usr/home/aya/public_html/manage_ip/lib/function.php] Unknown column 'ip_address.ip_loc' in 'where clause'
[2008/07/03 22:39:42] [error] [/usr/home/aya/public_html/manage_ip/lib/function.php] Unknown column 'ip_address.ip_loc' in 'where clause'
[2008/07/03 22:39:46] [error] [/usr/home/aya/public_html/manage_ip/lib/function.php] Unknown column 'ip_address.ip_loc' in 'where clause'
[2008/07/03 22:39:46] [error] [/usr/home/aya/public_html/manage_ip/lib/function.php] Unknown column 'ip_address.ip_loc' in 'where clause'
[2008/07/03 22:39:48] [error] [/usr/home/aya/public_html/manage_ip/lib/function.php] Unknown column 'ip_address.ip_loc' in 'where clause'
[2008/07/03 22:39:48] [error] [/usr/home/aya/public_html/manage_ip/lib/function.php] Unknown column 'ip_address.ip_loc' in 'where clause'
[2008/07/10 22:46:43] [error] [/usr/home/aya/public_html/manage_ip/lib/function.php] Column 'id' in where clause is ambiguous
[2008/07/10 23:39:44] [error] [/usr/home/aya/public_html/manage_ip/lib/function.php] Unknown column 'name' in 'field list'
[2008/07/13 22:40:06] [error] [/usr/home/aya/public_html/manage_ip/lib/function.php] You have an error in your SQL syntax; check the manual that corresponds to your MySQL server version for the right syntax to use near '= 3' at line 1
[2008/07/13 22:40:13] [error] [/usr/home/aya/public_html/manage_ip/lib/function.php] You have an error in your SQL syntax; check the manual that corresponds to your MySQL server version for the right syntax to use near '= 3' at line 1
[2008/07/22 21:32:08] [error] [/usr/home/aya/public_html/manage_ip/lib/function.php] You have an error in your SQL syntax; check the manual that corresponds to your MySQL server version for the right syntax to use near '}) ORDER BY ip_start ASC' at line 1
[2008/07/22 21:35:33] [error] [/usr/home/aya/public_html/manage_ip/lib/function.php] You have an error in your SQL syntax; check the manual that corresponds to your MySQL server version for the right syntax to use near '}) ORDER BY ip_start ASC' at line 1
[2008/07/22 21:36:02] [error] [/usr/home/aya/public_html/manage_ip/lib/function.php] You have an error in your SQL syntax; check the manual that corresponds to your MySQL server version for the right syntax to use near '}) ORDER BY ip_start ASC' at line 1
[2008/07/23 21:34:38] [error] [/usr/home/aya/public_html/manage_ip/lib/function.php] You have an error in your SQL syntax; check the manual that corresponds to your MySQL server version for the right syntax to use near 'AND ip_end   >=  ) OR (ip_start >= 3232235520 AND ip_start <=  ) OR (ip_end   >=' at line 1
[2008/07/27 17:03:22] [error] [/usr/home/aya/public_html/manage_ip/lib/function.php] Unknown column 'TABLE_BREAKER.company_id' in 'on clause'
[2008/07/27 17:03:22] [error] [/usr/home/aya/public_html/manage_ip/lib/function.php] Unknown column 'TABLE_BREAKER.company_id' in 'on clause'
[2008/07/27 17:03:29] [error] [/usr/home/aya/public_html/manage_ip/lib/function.php] Unknown column 'TABLE_BREAKER.company_id' in 'on clause'
[2008/07/27 17:03:29] [error] [/usr/home/aya/public_html/manage_ip/lib/function.php] Unknown column 'TABLE_BREAKER.company_id' in 'on clause'
[2008/07/27 17:06:32] [error] [/usr/home/aya/public_html/manage_ip/lib/function.php] Unknown column 'TABLE_BREAKER.company_id' in 'on clause'
[2008/07/27 17:06:32] [error] [/usr/home/aya/public_html/manage_ip/lib/function.php] Unknown column 'TABLE_BREAKER.company_id' in 'on clause'
[2008/07/27 20:37:27] [error] [/usr/home/aya/public_html/manage_ip/lib/function.php] Unknown column 'breaker.company_id' in 'on clause'
[2008/07/27 20:37:27] [error] [/usr/home/aya/public_html/manage_ip/lib/function.php] Unknown column 'breaker.company_id' in 'on clause'
[2008/07/27 22:21:13] [error] [/usr/home/aya/public_html/manage_ip/lib/function.php] Unknown column 'mccb' in 'where clause'
[2008/07/27 22:21:39] [error] [/usr/home/aya/public_html/manage_ip/lib/function.php] Unknown column 'mccb' in 'where clause'
[2008/07/27 22:21:44] [error] [/usr/home/aya/public_html/manage_ip/lib/function.php] Unknown column 'breaker.company_id' in 'on clause'
[2008/07/27 22:21:44] [error] [/usr/home/aya/public_html/manage_ip/lib/function.php] Unknown column 'breaker.company_id' in 'on clause'
[2008/07/27 22:25:55] [error] [/usr/home/aya/public_html/manage_ip/lib/function.php] Unknown column 'breaker.company_id' in 'on clause'
[2008/07/27 22:25:55] [error] [/usr/home/aya/public_html/manage_ip/lib/function.php] Unknown column 'breaker.company_id' in 'on clause'
[2008/07/27 22:25:57] [error] [/usr/home/aya/public_html/manage_ip/lib/function.php] Unknown column 'breaker.company_id' in 'on clause'
[2008/07/27 22:25:57] [error] [/usr/home/aya/public_html/manage_ip/lib/function.php] Unknown column 'breaker.company_id' in 'on clause'
[2008/07/27 22:29:02] [error] [/usr/home/aya/public_html/manage_ip/lib/function.php] Unknown column 'breaker.company_id' in 'on clause'
[2008/07/27 22:29:02] [error] [/usr/home/aya/public_html/manage_ip/lib/function.php] Unknown column 'rack.name' in 'field list'
[2008/07/27 22:29:03] [error] [/usr/home/aya/public_html/manage_ip/lib/function.php] Unknown column 'breaker.company_id' in 'on clause'
[2008/07/27 22:29:03] [error] [/usr/home/aya/public_html/manage_ip/lib/function.php] Unknown column 'rack.name' in 'field list'
[2008/07/27 22:30:26] [error] [/usr/home/aya/public_html/manage_ip/lib/function.php] Unknown column 'breaker.port' in 'order clause'
[2008/07/27 22:30:26] [error] [/usr/home/aya/public_html/manage_ip/lib/function.php] Unknown column 'breaker.port' in 'order clause'
[2008/07/27 22:30:27] [error] [/usr/home/aya/public_html/manage_ip/lib/function.php] Unknown column 'breaker.port' in 'order clause'
[2008/07/27 22:30:27] [error] [/usr/home/aya/public_html/manage_ip/lib/function.php] Unknown column 'breaker.port' in 'order clause'
[2008/07/27 22:31:29] [error] [/usr/home/aya/public_html/manage_ip/lib/function.php] Unknown column 'breaker.port' in 'order clause'
[2008/07/27 22:31:29] [error] [/usr/home/aya/public_html/manage_ip/lib/function.php] Unknown column 'breaker.port' in 'order clause'
[2008/07/27 23:10:15] [error] [/usr/home/aya/public_html/manage_ip/lib/function.php] Unknown column 'mccb' in 'where clause'
[2008/07/27 23:10:15] [error] [/usr/home/aya/public_html/manage_ip/lib/function.php] Unknown column 'mccb' in 'where clause'
[2008/07/27 23:10:15] [error] [/usr/home/aya/public_html/manage_ip/lib/function.php] Unknown column 'mccb' in 'where clause'
[2008/07/27 23:10:15] [error] [/usr/home/aya/public_html/manage_ip/lib/function.php] Unknown column 'mccb' in 'where clause'
[2008/07/27 23:10:15] [error] [/usr/home/aya/public_html/manage_ip/lib/function.php] Unknown column 'mccb' in 'where clause'
[2008/07/27 23:10:15] [error] [/usr/home/aya/public_html/manage_ip/lib/function.php] Unknown column 'mccb' in 'where clause'
[2008/07/27 23:10:15] [error] [/usr/home/aya/public_html/manage_ip/lib/function.php] Unknown column 'mccb' in 'where clause'
[2008/07/27 23:10:15] [error] [/usr/home/aya/public_html/manage_ip/lib/function.php] Unknown column 'mccb' in 'where clause'
[2008/07/27 23:10:15] [error] [/usr/home/aya/public_html/manage_ip/lib/function.php] Unknown column 'mccb' in 'where clause'
[2008/07/27 23:14:32] [error] [/usr/home/aya/public_html/manage_ip/lib/function.php] Unknown column 'breaker.ip_loc' in 'where clause'
[2008/07/27 23:14:32] [error] [/usr/home/aya/public_html/manage_ip/lib/function.php] Unknown column 'breaker.ip_loc' in 'where clause'
[2008/07/28 21:39:23] [error] [/usr/home/aya/public_html/manage_ip/lib/function.php] Unknown column 'mccb' in 'where clause'
[2008/07/28 21:39:23] [error] [/usr/home/aya/public_html/manage_ip/lib/function.php] Unknown column 'mccb' in 'where clause'
[2008/07/28 21:39:23] [error] [/usr/home/aya/public_html/manage_ip/lib/function.php] Unknown column 'mccb' in 'where clause'
[2008/07/28 21:39:23] [error] [/usr/home/aya/public_html/manage_ip/lib/function.php] Unknown column 'mccb' in 'where clause'
[2008/07/28 21:39:23] [error] [/usr/home/aya/public_html/manage_ip/lib/function.php] Unknown column 'mccb' in 'where clause'
[2008/07/28 21:39:23] [error] [/usr/home/aya/public_html/manage_ip/lib/function.php] Unknown column 'mccb' in 'where clause'
[2008/07/28 21:39:23] [error] [/usr/home/aya/public_html/manage_ip/lib/function.php] Unknown column 'mccb' in 'where clause'
[2008/07/28 21:39:23] [error] [/usr/home/aya/public_html/manage_ip/lib/function.php] Unknown column 'mccb' in 'where clause'
[2008/07/28 21:39:23] [error] [/usr/home/aya/public_html/manage_ip/lib/function.php] Unknown column 'mccb' in 'where clause'
[2008/07/28 21:39:23] [error] [/usr/home/aya/public_html/manage_ip/lib/function.php] Unknown column 'mccb' in 'where clause'
[2008/07/28 21:39:23] [error] [/usr/home/aya/public_html/manage_ip/lib/function.php] Unknown column 'mccb' in 'where clause'
[2008/07/28 21:39:23] [error] [/usr/home/aya/public_html/manage_ip/lib/function.php] Unknown column 'mccb' in 'where clause'
[2008/07/28 21:39:23] [error] [/usr/home/aya/public_html/manage_ip/lib/function.php] Unknown column 'mccb' in 'where clause'
[2008/07/28 21:39:23] [error] [/usr/home/aya/public_html/manage_ip/lib/function.php] Unknown column 'mccb' in 'where clause'
[2008/07/28 21:39:23] [error] [/usr/home/aya/public_html/manage_ip/lib/function.php] Unknown column 'mccb' in 'where clause'
[2008/07/28 21:39:23] [error] [/usr/home/aya/public_html/manage_ip/lib/function.php] Unknown column 'mccb' in 'where clause'
[2008/07/28 21:39:23] [error] [/usr/home/aya/public_html/manage_ip/lib/function.php] Unknown column 'mccb' in 'where clause'
[2008/07/28 21:39:23] [error] [/usr/home/aya/public_html/manage_ip/lib/function.php] Unknown column 'mccb' in 'where clause'
[2008/07/28 21:39:23] [error] [/usr/home/aya/public_html/manage_ip/lib/function.php] Unknown column 'mccb' in 'where clause'
[2008/07/28 21:39:23] [error] [/usr/home/aya/public_html/manage_ip/lib/function.php] Unknown column 'mccb' in 'where clause'
[2008/07/28 21:39:23] [error] [/usr/home/aya/public_html/manage_ip/lib/function.php] Unknown column 'mccb' in 'where clause'
[2008/07/28 21:39:23] [error] [/usr/home/aya/public_html/manage_ip/lib/function.php] Unknown column 'mccb' in 'where clause'
[2008/07/28 21:39:23] [error] [/usr/home/aya/public_html/manage_ip/lib/function.php] Unknown column 'mccb' in 'where clause'
[2008/07/28 21:39:23] [error] [/usr/home/aya/public_html/manage_ip/lib/function.php] Unknown column 'mccb' in 'where clause'
[2008/07/28 21:39:23] [error] [/usr/home/aya/public_html/manage_ip/lib/function.php] Unknown column 'mccb' in 'where clause'
[2008/07/28 21:39:23] [error] [/usr/home/aya/public_html/manage_ip/lib/function.php] Unknown column 'mccb' in 'where clause'
[2008/07/28 21:39:23] [error] [/usr/home/aya/public_html/manage_ip/lib/function.php] Unknown column 'mccb' in 'where clause'
[2008/07/28 21:39:23] [error] [/usr/home/aya/public_html/manage_ip/lib/function.php] Unknown column 'mccb' in 'where clause'
[2008/07/28 21:39:23] [error] [/usr/home/aya/public_html/manage_ip/lib/function.php] Unknown column 'mccb' in 'where clause'
[2008/07/28 21:39:23] [error] [/usr/home/aya/public_html/manage_ip/lib/function.php] Unknown column 'mccb' in 'where clause'
[2008/07/28 21:39:23] [error] [/usr/home/aya/public_html/manage_ip/lib/function.php] Unknown column 'mccb' in 'where clause'
[2008/07/28 21:39:23] [error] [/usr/home/aya/public_html/manage_ip/lib/function.php] Unknown column 'mccb' in 'where clause'
[2008/07/28 22:24:30] [error] [/usr/home/aya/public_html/manage_ip/lib/function.php] Unknown column 'breaker.id' in 'where clause'
[2008/07/28 22:30:37] [error] [/usr/home/aya/public_html/manage_ip/lib/function.php] Unknown column 'mccb' in 'where clause'
[2008/07/28 22:30:37] [error] [/usr/home/aya/public_html/manage_ip/lib/function.php] Unknown column 'mccb' in 'where clause'
[2008/07/28 22:30:37] [error] [/usr/home/aya/public_html/manage_ip/lib/function.php] Unknown column 'mccb' in 'where clause'
[2008/07/28 22:30:37] [error] [/usr/home/aya/public_html/manage_ip/lib/function.php] Unknown column 'mccb' in 'where clause'
[2008/07/28 22:30:37] [error] [/usr/home/aya/public_html/manage_ip/lib/function.php] Unknown column 'mccb' in 'where clause'
[2008/07/28 22:30:37] [error] [/usr/home/aya/public_html/manage_ip/lib/function.php] Unknown column 'mccb' in 'where clause'
[2008/07/28 22:30:37] [error] [/usr/home/aya/public_html/manage_ip/lib/function.php] Unknown column 'mccb' in 'where clause'
[2008/07/28 22:30:37] [error] [/usr/home/aya/public_html/manage_ip/lib/function.php] Unknown column 'mccb' in 'where clause'
[2008/07/28 22:30:37] [error] [/usr/home/aya/public_html/manage_ip/lib/function.php] Unknown column 'mccb' in 'where clause'
[2008/07/28 22:30:37] [error] [/usr/home/aya/public_html/manage_ip/lib/function.php] Unknown column 'mccb' in 'where clause'
[2008/07/28 22:30:37] [error] [/usr/home/aya/public_html/manage_ip/lib/function.php] Unknown column 'mccb' in 'where clause'
[2008/07/28 22:30:37] [error] [/usr/home/aya/public_html/manage_ip/lib/function.php] Unknown column 'mccb' in 'where clause'
[2008/07/28 22:30:37] [error] [/usr/home/aya/public_html/manage_ip/lib/function.php] Unknown column 'mccb' in 'where clause'
[2008/07/28 22:30:37] [error] [/usr/home/aya/public_html/manage_ip/lib/function.php] Unknown column 'mccb' in 'where clause'
[2008/07/28 22:30:37] [error] [/usr/home/aya/public_html/manage_ip/lib/function.php] Unknown column 'mccb' in 'where clause'
[2008/07/28 22:30:37] [error] [/usr/home/aya/public_html/manage_ip/lib/function.php] Unknown column 'mccb' in 'where clause'
[2008/07/28 22:30:37] [error] [/usr/home/aya/public_html/manage_ip/lib/function.php] Unknown column 'mccb' in 'where clause'
[2008/07/28 22:30:37] [error] [/usr/home/aya/public_html/manage_ip/lib/function.php] Unknown column 'mccb' in 'where clause'
[2008/07/28 22:30:37] [error] [/usr/home/aya/public_html/manage_ip/lib/function.php] Unknown column 'mccb' in 'where clause'
[2008/07/28 22:30:37] [error] [/usr/home/aya/public_html/manage_ip/lib/function.php] Unknown column 'mccb' in 'where clause'
[2008/07/28 22:30:37] [error] [/usr/home/aya/public_html/manage_ip/lib/function.php] Unknown column 'mccb' in 'where clause'
[2008/07/28 22:30:37] [error] [/usr/home/aya/public_html/manage_ip/lib/function.php] Unknown column 'mccb' in 'where clause'
[2008/07/28 22:30:37] [error] [/usr/home/aya/public_html/manage_ip/lib/function.php] Unknown column 'mccb' in 'where clause'
[2008/07/28 22:30:37] [error] [/usr/home/aya/public_html/manage_ip/lib/function.php] Unknown column 'mccb' in 'where clause'
[2008/07/28 22:30:37] [error] [/usr/home/aya/public_html/manage_ip/lib/function.php] Unknown column 'mccb' in 'where clause'
[2008/07/28 22:30:37] [error] [/usr/home/aya/public_html/manage_ip/lib/function.php] Unknown column 'mccb' in 'where clause'
[2008/07/30 21:33:38] [error] [/usr/home/aya/public_html/manage_ip/lib/function.php] Unknown column 'mccb' in 'where clause'
[2008/07/30 21:33:50] [error] [/usr/home/aya/public_html/manage_ip/lib/function.php] Unknown column 'mccb' in 'where clause'
[2008/07/30 21:34:20] [error] [/usr/home/aya/public_html/manage_ip/lib/function.php] Unknown column 'mccb' in 'where clause'
[2008/07/30 21:35:20] [error] [/usr/home/aya/public_html/manage_ip/lib/function.php] Unknown column 'mccb' in 'where clause'
