[2008/07/31 22:42:42] [error] [/usr/home/aya/public_html/manage_ip/lib/function.php] No database selected
[2008/07/31 22:42:42] [error] [/usr/home/aya/public_html/manage_ip/lib/function.php] No database selected
[2008/07/31 22:42:43] [error] [/usr/home/aya/public_html/manage_ip/lib/function.php] No database selected
[2008/07/31 22:42:43] [error] [/usr/home/aya/public_html/manage_ip/lib/function.php] No database selected
[2008/08/06 21:41:42] [error] [/usr/home/aya/public_html/manage_ip/lib/function.php] You have an error in your SQL syntax; check the manual that corresponds to your MySQL server version for the right syntax to use near '.id as rack_id FROM breaker LEFT JOIN rack ON breaker.rack_id = rack.id WHERE (b' at line 1
[2008/08/06 21:41:44] [error] [/usr/home/aya/public_html/manage_ip/lib/function.php] You have an error in your SQL syntax; check the manual that corresponds to your MySQL server version for the right syntax to use near '.id as rack_id FROM breaker LEFT JOIN rack ON breaker.rack_id = rack.id WHERE (b' at line 1
[2008/08/06 21:41:45] [error] [/usr/home/aya/public_html/manage_ip/lib/function.php] You have an error in your SQL syntax; check the manual that corresponds to your MySQL server version for the right syntax to use near '.id as rack_id FROM breaker LEFT JOIN rack ON breaker.rack_id = rack.id WHERE (b' at line 1
[2008/08/06 21:41:46] [error] [/usr/home/aya/public_html/manage_ip/lib/function.php] You have an error in your SQL syntax; check the manual that corresponds to your MySQL server version for the right syntax to use near '.id as rack_id FROM breaker LEFT JOIN rack ON breaker.rack_id = rack.id WHERE (b' at line 1
[2008/08/06 21:41:47] [error] [/usr/home/aya/public_html/manage_ip/lib/function.php] You have an error in your SQL syntax; check the manual that corresponds to your MySQL server version for the right syntax to use near '.id as rack_id FROM breaker LEFT JOIN rack ON breaker.rack_id = rack.id WHERE (b' at line 1
[2008/08/06 21:42:29] [error] [/usr/home/aya/public_html/manage_ip/lib/function.php] You have an error in your SQL syntax; check the manual that corresponds to your MySQL server version for the right syntax to use near '.id as rack_id FROM breaker LEFT JOIN rack ON breaker.rack_id = rack.id WHERE (b' at line 1
[2008/08/06 21:43:52] [error] [/usr/home/aya/public_html/manage_ip/lib/function.php] You have an error in your SQL syntax; check the manual that corresponds to your MySQL server version for the right syntax to use near '.id as rack_id FROM breaker LEFT JOIN rack ON breaker.rack_id = rack.id WHERE (b' at line 1
[2008/08/06 21:43:55] [error] [/usr/home/aya/public_html/manage_ip/lib/function.php] You have an error in your SQL syntax; check the manual that corresponds to your MySQL server version for the right syntax to use near '.id as rack_id FROM breaker LEFT JOIN rack ON breaker.rack_id = rack.id WHERE (b' at line 1
[2008/08/06 21:44:04] [error] [/usr/home/aya/public_html/manage_ip/lib/function.php] You have an error in your SQL syntax; check the manual that corresponds to your MySQL server version for the right syntax to use near '.id as rack_id FROM breaker LEFT JOIN rack ON breaker.rack_id = rack.id WHERE (b' at line 1
[2008/08/06 21:44:07] [error] [/usr/home/aya/public_html/manage_ip/lib/function.php] You have an error in your SQL syntax; check the manual that corresponds to your MySQL server version for the right syntax to use near '.id as rack_id FROM breaker LEFT JOIN rack ON breaker.rack_id = rack.id WHERE (b' at line 1
[2008/08/06 21:44:08] [error] [/usr/home/aya/public_html/manage_ip/lib/function.php] You have an error in your SQL syntax; check the manual that corresponds to your MySQL server version for the right syntax to use near '.id as rack_id FROM breaker LEFT JOIN rack ON breaker.rack_id = rack.id WHERE (b' at line 1
[2008/08/06 21:44:08] [error] [/usr/home/aya/public_html/manage_ip/lib/function.php] You have an error in your SQL syntax; check the manual that corresponds to your MySQL server version for the right syntax to use near '.id as rack_id FROM breaker LEFT JOIN rack ON breaker.rack_id = rack.id WHERE (b' at line 1
[2008/08/06 21:44:11] [error] [/usr/home/aya/public_html/manage_ip/lib/function.php] You have an error in your SQL syntax; check the manual that corresponds to your MySQL server version for the right syntax to use near '.id as rack_id FROM breaker LEFT JOIN rack ON breaker.rack_id = rack.id WHERE (b' at line 1
[2008/08/06 21:44:12] [error] [/usr/home/aya/public_html/manage_ip/lib/function.php] You have an error in your SQL syntax; check the manual that corresponds to your MySQL server version for the right syntax to use near '.id as rack_id FROM breaker LEFT JOIN rack ON breaker.rack_id = rack.id WHERE (b' at line 1
[2008/08/06 21:44:13] [error] [/usr/home/aya/public_html/manage_ip/lib/function.php] You have an error in your SQL syntax; check the manual that corresponds to your MySQL server version for the right syntax to use near '.id as rack_id FROM breaker LEFT JOIN rack ON breaker.rack_id = rack.id WHERE (b' at line 1
[2008/08/06 21:44:31] [error] [/usr/home/aya/public_html/manage_ip/lib/function.php] You have an error in your SQL syntax; check the manual that corresponds to your MySQL server version for the right syntax to use near '.id as rack_id FROM breaker LEFT JOIN rack ON breaker.rack_id = rack.id WHERE (b' at line 1
[2008/08/06 21:44:33] [error] [/usr/home/aya/public_html/manage_ip/lib/function.php] You have an error in your SQL syntax; check the manual that corresponds to your MySQL server version for the right syntax to use near '.id as rack_id FROM breaker LEFT JOIN rack ON breaker.rack_id = rack.id WHERE (b' at line 1
[2008/08/06 21:44:35] [error] [/usr/home/aya/public_html/manage_ip/lib/function.php] You have an error in your SQL syntax; check the manual that corresponds to your MySQL server version for the right syntax to use near '.id as rack_id FROM breaker LEFT JOIN rack ON breaker.rack_id = rack.id WHERE (b' at line 1
[2008/08/06 21:44:36] [error] [/usr/home/aya/public_html/manage_ip/lib/function.php] You have an error in your SQL syntax; check the manual that corresponds to your MySQL server version for the right syntax to use near '.id as rack_id FROM breaker LEFT JOIN rack ON breaker.rack_id = rack.id WHERE (b' at line 1
[2008/08/06 21:44:39] [error] [/usr/home/aya/public_html/manage_ip/lib/function.php] You have an error in your SQL syntax; check the manual that corresponds to your MySQL server version for the right syntax to use near '.id as rack_id FROM breaker LEFT JOIN rack ON breaker.rack_id = rack.id WHERE (b' at line 1
[2008/08/06 21:44:41] [error] [/usr/home/aya/public_html/manage_ip/lib/function.php] You have an error in your SQL syntax; check the manual that corresponds to your MySQL server version for the right syntax to use near '.id as rack_id FROM breaker LEFT JOIN rack ON breaker.rack_id = rack.id WHERE (b' at line 1
[2008/08/06 22:06:08] [error] [/usr/home/aya/public_html/manage_ip/lib/function.php] Unknown column 'ampere' in 'field list'
[2008/09/04 22:48:55] [error] [/usr/home/aya/public_html/manage_ip/lib/function.php] You have an error in your SQL syntax; check the manual that corresponds to your MySQL server version for the right syntax to use near 'primary, primary_fqdn, secondary, comment, company_id, add_user_name, update_use' at line 1
[2008/12/18 21:42:58] [error] [/usr/home/aya/public_html/manage_ip/lib/function.php] You have an error in your SQL syntax; check the manual that corresponds to your MySQL server version for the right syntax to use near 'GROUP BY router.router' at line 1
[2008/12/18 21:42:58] [error] [/usr/home/aya/public_html/manage_ip/lib/function.php] You have an error in your SQL syntax; check the manual that corresponds to your MySQL server version for the right syntax to use near 'GROUP BY router.router LIMIT 0,30' at line 1
[2009/01/23 22:04:19] [error] [/usr/home/aya/public_html/manage_ip/lib/function.php] Unknown column 'company.name' in 'field list'
[2009/01/23 22:05:16] [error] [/usr/home/aya/public_html/manage_ip/lib/function.php] Unknown column 'company.name' in 'field list'
[2009/01/23 22:05:18] [error] [/usr/home/aya/public_html/manage_ip/lib/function.php] Unknown column 'company.name' in 'field list'
[2009/01/23 22:07:03] [error] [/usr/home/aya/public_html/manage_ip/lib/function.php] Unknown column 'company.name' in 'field list'
[2009/01/23 23:50:46] [error] [/usr/home/aya/public_html/manage_ip/lib/function.php] You have an error in your SQL syntax; check the manual that corresponds to your MySQL server version for the right syntax to use near '' at line 1
[2009/01/23 23:50:52] [error] [/usr/home/aya/public_html/manage_ip/lib/function.php] You have an error in your SQL syntax; check the manual that corresponds to your MySQL server version for the right syntax to use near '' at line 1
[2009/01/23 23:51:18] [error] [/usr/home/aya/public_html/manage_ip/lib/function.php] You have an error in your SQL syntax; check the manual that corresponds to your MySQL server version for the right syntax to use near '' at line 1
[2009/01/23 23:51:55] [error] [/usr/home/aya/public_html/manage_ip/lib/function.php] You have an error in your SQL syntax; check the manual that corresponds to your MySQL server version for the right syntax to use near '' at line 1
[2009/01/23 23:52:25] [error] [/usr/home/aya/public_html/manage_ip/lib/function.php] You have an error in your SQL syntax; check the manual that corresponds to your MySQL server version for the right syntax to use near '' at line 1
[2009/01/23 23:53:36] [error] [/usr/home/aya/public_html/manage_ip/lib/function.php] You have an error in your SQL syntax; check the manual that corresponds to your MySQL server version for the right syntax to use near '' at line 1
[2009/01/23 23:53:40] [error] [/usr/home/aya/public_html/manage_ip/lib/function.php] You have an error in your SQL syntax; check the manual that corresponds to your MySQL server version for the right syntax to use near '' at line 1
[2009/01/23 23:53:44] [error] [/usr/home/aya/public_html/manage_ip/lib/function.php] You have an error in your SQL syntax; check the manual that corresponds to your MySQL server version for the right syntax to use near '' at line 1
[2009/01/23 23:54:14] [error] [/usr/home/aya/public_html/manage_ip/lib/function.php] You have an error in your SQL syntax; check the manual that corresponds to your MySQL server version for the right syntax to use near '' at line 1
[2009/01/23 23:55:34] [error] [/usr/home/aya/public_html/manage_ip/lib/function.php] You have an error in your SQL syntax; check the manual that corresponds to your MySQL server version for the right syntax to use near '' at line 1
[2009/04/13 14:25:41] [error] [/usr/local/www/apache22/data/manage_ip/lib/function.php] You have an error in your SQL syntax; check the manual that corresponds to your MySQL server version for the right syntax to use near 'AND ip_address.ip_end >=  ) OR (ip_address.ip_start <=  AND ip_address.ip_end >=' at line 1
[2009/04/13 14:25:41] [error] [/usr/local/www/apache22/data/manage_ip/lib/function.php] You have an error in your SQL syntax; check the manual that corresponds to your MySQL server version for the right syntax to use near 'AND ip_address.ip_end >=  ) OR (ip_address.ip_start <=  AND ip_address.ip_end >=' at line 1
[2009/08/25 11:01:59] [error] [/usr/local/www/apache22/data/manage_ip/lib/function.php] You have an error in your SQL syntax; check the manual that corresponds to your MySQL server version for the right syntax to use near 's IP', '31', 'nanbu', 'nanbu', NOW(), NOW())' at line 1
[2009/10/01 20:21:55] [error] [/usr/local/www/apache22/data/manage_ip/lib/function.php] You have an error in your SQL syntax; check the manual that corresponds to your MySQL server version for the right syntax to use near '' at line 1
[2012/12/17 11:48:37] [error] [/usr/local/www/apache22/data/manage_ip/lib/function.php] You have an error in your SQL syntax; check the manual that corresponds to your MySQL server version for the right syntax to use near 'AND ip_address.ip_end >=  ) OR (ip_address.ip_start <=  AND ip_address.ip_end >=' at line 1
[2012/12/17 11:48:37] [error] [/usr/local/www/apache22/data/manage_ip/lib/function.php] You have an error in your SQL syntax; check the manual that corresponds to your MySQL server version for the right syntax to use near 'AND ip_address.ip_end >=  ) OR (ip_address.ip_start <=  AND ip_address.ip_end >=' at line 1
[2013/11/11 19:20:16] [error] [/usr/local/www/apache22/data/manage_ip/lib/function.php] You have an error in your SQL syntax; check the manual that corresponds to your MySQL server version for the right syntax to use near 'AND ip_address.ip_end >=  ) OR (ip_address.ip_start <=  AND ip_address.ip_end >=' at line 1
[2013/11/11 19:20:16] [error] [/usr/local/www/apache22/data/manage_ip/lib/function.php] You have an error in your SQL syntax; check the manual that corresponds to your MySQL server version for the right syntax to use near 'AND ip_address.ip_end >=  ) OR (ip_address.ip_start <=  AND ip_address.ip_end >=' at line 1
[2016/03/15 15:21:27] [error] [/usr/local/www/apache22/data/manage_ip/lib/function.php] You have an error in your SQL syntax; check the manual that corresponds to your MySQL server version for the right syntax to use near 'AND ip_address.ip_end >=  ) OR (ip_address.ip_start <=  AND ip_address.ip_end >=' at line 1
[2016/03/15 15:21:27] [error] [/usr/local/www/apache22/data/manage_ip/lib/function.php] You have an error in your SQL syntax; check the manual that corresponds to your MySQL server version for the right syntax to use near 'AND ip_address.ip_end >=  ) OR (ip_address.ip_start <=  AND ip_address.ip_end >=' at line 1
[2017/05/09 15:51:37] [error] [/usr/local/www/apache22/data/manage_ip/lib/function.php] You have an error in your SQL syntax; check the manual that corresponds to your MySQL server version for the right syntax to use near 's KIOSK-WIFI', `update_date` = NOW() WHERE id = 7633' at line 1
[2017/05/09 15:51:54] [error] [/usr/local/www/apache22/data/manage_ip/lib/function.php] You have an error in your SQL syntax; check the manual that corresponds to your MySQL server version for the right syntax to use near 's KIOSK-WIFI', `update_date` = NOW() WHERE id = 7633' at line 1
[2018/03/29 13:24:52] [error] [/usr/local/www/apache22/data/manage_ip/lib/function.php] You have an error in your SQL syntax; check the manual that corresponds to your MySQL server version for the right syntax to use near 'agw401.ty6'') AND (port = ''ge-0/0/5'') AND (del_flag != 1)' at line 1
[2020/07/08 12:04:37] [error] [/usr/local/www/apache22/data/manage_ip/lib/function.php] You have an error in your SQL syntax; check the manual that corresponds to your MySQL server version for the right syntax to use near 's Pizza Japan Inc.', `tel` = '', `address` = '', `sales_name` = '山本', `end_use' at line 1
[2020/07/08 12:04:54] [error] [/usr/local/www/apache22/data/manage_ip/lib/function.php] You have an error in your SQL syntax; check the manual that corresponds to your MySQL server version for the right syntax to use near 's Pizza Japan Inc.', `tel` = '', `address` = '', `sales_name` = '山本', `end_use' at line 1
[2020/07/08 12:05:07] [error] [/usr/local/www/apache22/data/manage_ip/lib/function.php] You have an error in your SQL syntax; check the manual that corresponds to your MySQL server version for the right syntax to use near 's Pizza Japan Inc.', `tel` = '', `address` = '', `sales_name` = '山本', `end_use' at line 1
[2021/02/08 10:49:16] [error] [/usr/local/www/apache22/data/manage_ip/lib/function.php] You have an error in your SQL syntax; check the manual that corresponds to your MySQL server version for the right syntax to use near 's Corporation', `kana` = 'ワイズ wise', `tel` = '', `address` = '', `sales_name`' at line 1
[2021/02/08 10:49:37] [error] [/usr/local/www/apache22/data/manage_ip/lib/function.php] You have an error in your SQL syntax; check the manual that corresponds to your MySQL server version for the right syntax to use near 's Corporation', `kana` = 'ワイズ wise', `tel` = '', `address` = '', `sales_name`' at line 1
[2021/02/08 10:50:40] [error] [/usr/local/www/apache22/data/manage_ip/lib/function.php] You have an error in your SQL syntax; check the manual that corresponds to your MySQL server version for the right syntax to use near 's Corporation', `kana` = 'ワイズ wise', `tel` = '', `address` = '', `sales_name`' at line 1
[2021/02/08 10:50:57] [error] [/usr/local/www/apache22/data/manage_ip/lib/function.php] You have an error in your SQL syntax; check the manual that corresponds to your MySQL server version for the right syntax to use near 's Corporation-533265', `tel` = '', `address` = '', `sales_name` = '関', `end_use' at line 1
[2021/02/08 10:51:23] [error] [/usr/local/www/apache22/data/manage_ip/lib/function.php] You have an error in your SQL syntax; check the manual that corresponds to your MySQL server version for the right syntax to use near 's Corporation-533265', `kana` = 'ワイズ wise', `tel` = '', `address` = '', `sale' at line 1
[2021/02/08 10:51:29] [error] [/usr/local/www/apache22/data/manage_ip/lib/function.php] You have an error in your SQL syntax; check the manual that corresponds to your MySQL server version for the right syntax to use near 's Corporation-533265', `kana` = 'ワイズ wise', `tel` = '', `address` = '', `sale' at line 1
[2021/02/08 10:54:00] [error] [/usr/local/www/apache22/data/manage_ip/lib/function.php] You have an error in your SQL syntax; check the manual that corresponds to your MySQL server version for the right syntax to use near 's Corporation-533265', `kana` = 'ワイズ wise', `tel` = '', `address` = '', `sale' at line 1
[2021/02/08 10:55:59] [error] [/usr/local/www/apache22/data/manage_ip/lib/function.php] You have an error in your SQL syntax; check the manual that corresponds to your MySQL server version for the right syntax to use near 's', `tel` = '', `address` = '', `sales_name` = '関', `end_user_name` = '', `end_' at line 1
[2024/11/06 14:56:08] [error] [/usr/local/www/apache22/data/manage_ip/lib/function.php] You have an error in your SQL syntax; check the manual that corresponds to your MySQL server version for the right syntax to use near 's Corporation', `tel` = '', `address` = '', `sales_name` = '関', `end_user_name`' at line 1
[2024/11/06 14:56:26] [error] [/usr/local/www/apache22/data/manage_ip/lib/function.php] You have an error in your SQL syntax; check the manual that corresponds to your MySQL server version for the right syntax to use near 's Corporation', `tel` = '', `address` = '', `sales_name` = '関', `end_user_name`' at line 1
[2024/11/06 14:56:35] [error] [/usr/local/www/apache22/data/manage_ip/lib/function.php] You have an error in your SQL syntax; check the manual that corresponds to your MySQL server version for the right syntax to use near 's Corporation', `update_user_name` = 'nanbu', `update_date` = NOW() where id = '' at line 1
